::1 - - [30/Jan/2019:18:00:56 +0000] "GET /article/consulterArt/5c47724f93ffbf0d241c2dd9 HTTP/1.1" 200 0 "http://localhost:4200/article" "Mozilla/5.0 (Windows NT 6.1; Win64; x64) AppleWebKit/537.36 (KHTML, like Gecko) Chrome/71.0.3578.98 Safari/537.36"
::1 - - [31/Jan/2019:17:46:14 +0000] "GET /article/consulterArt/5c47724f93ffbf0d241c2dd9 HTTP/1.1" 304 - "http://localhost:4200/article" "Mozilla/5.0 (Windows NT 6.1; Win64; x64) AppleWebKit/537.36 (KHTML, like Gecko) Chrome/71.0.3578.98 Safari/537.36"
::1 - - [31/Jan/2019:17:47:15 +0000] "GET /article/consulterArt/5c47724f93ffbf0d241c2dd9 HTTP/1.1" 304 - "http://localhost:4200/article" "Mozilla/5.0 (Windows NT 6.1; Win64; x64) AppleWebKit/537.36 (KHTML, like Gecko) Chrome/71.0.3578.98 Safari/537.36"
::1 - - [31/Jan/2019:17:50:24 +0000] "GET /article/consulterArt/5c47724f93ffbf0d241c2dd9 HTTP/1.1" 304 - "http://localhost:4200/article" "Mozilla/5.0 (Windows NT 6.1; Win64; x64) AppleWebKit/537.36 (KHTML, like Gecko) Chrome/71.0.3578.98 Safari/537.36"
::1 - - [31/Jan/2019:17:51:35 +0000] "GET /article/consulterArt/5c47724f93ffbf0d241c2dd9 HTTP/1.1" 304 - "http://localhost:4200/article" "Mozilla/5.0 (Windows NT 6.1; Win64; x64) AppleWebKit/537.36 (KHTML, like Gecko) Chrome/71.0.3578.98 Safari/537.36"
::1 - - [31/Jan/2019:17:55:47 +0000] "GET /article/consulterArt/5c47724f93ffbf0d241c2dd9 HTTP/1.1" 304 - "http://localhost:4200/article" "Mozilla/5.0 (Windows NT 6.1; Win64; x64) AppleWebKit/537.36 (KHTML, like Gecko) Chrome/71.0.3578.98 Safari/537.36"
::1 - - [31/Jan/2019:17:56:16 +0000] "GET /article/consulterArt/5c47724f93ffbf0d241c2dd9 HTTP/1.1" 304 - "http://localhost:4200/article" "Mozilla/5.0 (Windows NT 6.1; Win64; x64) AppleWebKit/537.36 (KHTML, like Gecko) Chrome/71.0.3578.98 Safari/537.36"
::1 - - [31/Jan/2019:17:56:33 +0000] "GET /article/consulterArt/5c47724f93ffbf0d241c2dd9 HTTP/1.1" 304 - "http://localhost:4200/article" "Mozilla/5.0 (Windows NT 6.1; Win64; x64) AppleWebKit/537.36 (KHTML, like Gecko) Chrome/71.0.3578.98 Safari/537.36"
::1 - - [31/Jan/2019:17:58:47 +0000] "GET /article/consulterArt/5c47724f93ffbf0d241c2dd9 HTTP/1.1" 304 - "http://localhost:4200/article" "Mozilla/5.0 (Windows NT 6.1; Win64; x64) AppleWebKit/537.36 (KHTML, like Gecko) Chrome/71.0.3578.98 Safari/537.36"
::1 - - [31/Jan/2019:17:58:55 +0000] "GET /article/consulterArt/5c47724f93ffbf0d241c2dd9 HTTP/1.1" 304 - "http://localhost:4200/article" "Mozilla/5.0 (Windows NT 6.1; Win64; x64) AppleWebKit/537.36 (KHTML, like Gecko) Chrome/71.0.3578.98 Safari/537.36"
::1 - - [31/Jan/2019:17:59:37 +0000] "GET /article/consulterArt/5c47724f93ffbf0d241c2dd9 HTTP/1.1" 304 - "http://localhost:4200/article" "Mozilla/5.0 (Windows NT 6.1; Win64; x64) AppleWebKit/537.36 (KHTML, like Gecko) Chrome/71.0.3578.98 Safari/537.36"
::1 - - [31/Jan/2019:18:03:00 +0000] "GET /article/consulterArt/5c47724f93ffbf0d241c2dd9 HTTP/1.1" 304 - "http://localhost:4200/article" "Mozilla/5.0 (Windows NT 6.1; Win64; x64) AppleWebKit/537.36 (KHTML, like Gecko) Chrome/71.0.3578.98 Safari/537.36"
::1 - - [31/Jan/2019:18:03:38 +0000] "GET /article/consulterArt/5c47724f93ffbf0d241c2dd9 HTTP/1.1" 304 - "http://localhost:4200/article" "Mozilla/5.0 (Windows NT 6.1; Win64; x64) AppleWebKit/537.36 (KHTML, like Gecko) Chrome/71.0.3578.98 Safari/537.36"
::1 - - [31/Jan/2019:18:22:17 +0000] "GET /article/consulterArt/5c47724f93ffbf0d241c2dd9 HTTP/1.1" 304 - "http://localhost:4200/article" "Mozilla/5.0 (Windows NT 6.1; Win64; x64) AppleWebKit/537.36 (KHTML, like Gecko) Chrome/71.0.3578.98 Safari/537.36"
::1 - - [03/Feb/2019:21:31:36 +0000] "OPTIONS /register/register HTTP/1.1" 204 0 "http://localhost:4200/register" "Mozilla/5.0 (Windows NT 6.1; Win64; x64) AppleWebKit/537.36 (KHTML, like Gecko) Chrome/71.0.3578.98 Safari/537.36"
::1 - - [03/Feb/2019:21:32:17 +0000] "OPTIONS /auth/login HTTP/1.1" 204 0 "http://localhost:4200/login" "Mozilla/5.0 (Windows NT 6.1; Win64; x64) AppleWebKit/537.36 (KHTML, like Gecko) Chrome/71.0.3578.98 Safari/537.36"
::1 - - [03/Feb/2019:21:32:35 +0000] "POST /auth/login HTTP/1.1" - - "http://localhost:4200/login" "Mozilla/5.0 (Windows NT 6.1; Win64; x64) AppleWebKit/537.36 (KHTML, like Gecko) Chrome/71.0.3578.98 Safari/537.36"
::1 - - [03/Feb/2019:21:32:35 +0000] "POST /register/register HTTP/1.1" - - "http://localhost:4200/register" "Mozilla/5.0 (Windows NT 6.1; Win64; x64) AppleWebKit/537.36 (KHTML, like Gecko) Chrome/71.0.3578.98 Safari/537.36"
::1 - - [03/Feb/2019:21:34:38 +0000] "GET /home/home/all HTTP/1.1" - - "http://localhost:4200/article" "Mozilla/5.0 (Windows NT 6.1; Win64; x64) AppleWebKit/537.36 (KHTML, like Gecko) Chrome/71.0.3578.98 Safari/537.36"
::1 - - [03/Feb/2019:21:42:56 +0000] "GET /home/home/all HTTP/1.1" - - "http://localhost:4200/article" "Mozilla/5.0 (Windows NT 6.1; Win64; x64) AppleWebKit/537.36 (KHTML, like Gecko) Chrome/71.0.3578.98 Safari/537.36"
::1 - - [03/Feb/2019:21:48:04 +0000] "GET /home/home/all HTTP/1.1" - - "http://localhost:4200/home" "Mozilla/5.0 (Windows NT 6.1; Win64; x64) AppleWebKit/537.36 (KHTML, like Gecko) Chrome/71.0.3578.98 Safari/537.36"
::1 - - [03/Feb/2019:21:50:06 +0000] "GET /home/home/all HTTP/1.1" - - "http://localhost:4200/article" "Mozilla/5.0 (Windows NT 6.1; Win64; x64) AppleWebKit/537.36 (KHTML, like Gecko) Chrome/71.0.3578.98 Safari/537.36"
::1 - - [04/Feb/2019:13:36:58 +0000] "GET /home/home/all HTTP/1.1" - - "http://localhost:4200/article" "Mozilla/5.0 (Windows NT 6.1; Win64; x64) AppleWebKit/537.36 (KHTML, like Gecko) Chrome/71.0.3578.98 Safari/537.36"
::1 - - [04/Feb/2019:13:46:23 +0000] "OPTIONS /auth/login HTTP/1.1" 204 0 "http://localhost:4200/login" "Mozilla/5.0 (Windows NT 6.1; Win64; x64) AppleWebKit/537.36 (KHTML, like Gecko) Chrome/71.0.3578.98 Safari/537.36"
::1 - - [04/Feb/2019:13:46:33 +0000] "OPTIONS /auth/login HTTP/1.1" 204 0 "http://localhost:4200/login" "Mozilla/5.0 (Windows NT 6.1; Win64; x64) AppleWebKit/537.36 (KHTML, like Gecko) Chrome/71.0.3578.98 Safari/537.36"
::1 - - [04/Feb/2019:13:46:46 +0000] "POST /auth/login HTTP/1.1" - - "http://localhost:4200/login" "Mozilla/5.0 (Windows NT 6.1; Win64; x64) AppleWebKit/537.36 (KHTML, like Gecko) Chrome/71.0.3578.98 Safari/537.36"
::1 - - [04/Feb/2019:13:46:46 +0000] "POST /auth/login HTTP/1.1" - - "http://localhost:4200/login" "Mozilla/5.0 (Windows NT 6.1; Win64; x64) AppleWebKit/537.36 (KHTML, like Gecko) Chrome/71.0.3578.98 Safari/537.36"
::1 - - [04/Feb/2019:13:48:48 +0000] "GET /home/home/all HTTP/1.1" - - "http://localhost:4200/article" "Mozilla/5.0 (Windows NT 6.1; Win64; x64) AppleWebKit/537.36 (KHTML, like Gecko) Chrome/71.0.3578.98 Safari/537.36"
::1 - - [04/Feb/2019:14:00:13 +0000] "GET /createArt HTTP/1.1" 404 148 "-" "PostmanRuntime/7.6.0"
::1 - - [04/Feb/2019:14:03:52 +0000] "GET /home/home/all HTTP/1.1" 200 2 "http://localhost:4200/article" "Mozilla/5.0 (Windows NT 6.1; Win64; x64) AppleWebKit/537.36 (KHTML, like Gecko) Chrome/71.0.3578.98 Safari/537.36"
::1 - - [04/Feb/2019:14:06:29 +0000] "POST /createArt HTTP/1.1" 404 149 "-" "PostmanRuntime/7.6.0"
::1 - - [04/Feb/2019:14:06:43 +0000] "POST /createArt HTTP/1.1" 404 149 "-" "PostmanRuntime/7.6.0"
::1 - - [04/Feb/2019:14:07:02 +0000] "GET /home/home/all HTTP/1.1" 304 - "http://localhost:4200/article" "Mozilla/5.0 (Windows NT 6.1; Win64; x64) AppleWebKit/537.36 (KHTML, like Gecko) Chrome/71.0.3578.98 Safari/537.36"
::1 - - [04/Feb/2019:14:14:21 +0000] "POST /createArt HTTP/1.1" 404 149 "-" "PostmanRuntime/7.6.0"
::1 - - [04/Feb/2019:14:16:27 +0000] "GET /home/home/all HTTP/1.1" 304 - "http://localhost:4200/article" "Mozilla/5.0 (Windows NT 6.1; Win64; x64) AppleWebKit/537.36 (KHTML, like Gecko) Chrome/71.0.3578.98 Safari/537.36"
::1 - - [04/Feb/2019:18:26:04 +0000] "OPTIONS /register/register HTTP/1.1" 204 0 "http://localhost:4200/register" "Mozilla/5.0 (Windows NT 6.1; Win64; x64) AppleWebKit/537.36 (KHTML, like Gecko) Chrome/71.0.3578.98 Safari/537.36"
::1 - - [04/Feb/2019:18:28:05 +0000] "POST /register/register HTTP/1.1" - - "http://localhost:4200/register" "Mozilla/5.0 (Windows NT 6.1; Win64; x64) AppleWebKit/537.36 (KHTML, like Gecko) Chrome/71.0.3578.98 Safari/537.36"
::1 - - [04/Feb/2019:18:29:19 +0000] "OPTIONS /register/register HTTP/1.1" 204 0 "http://localhost:4200/register" "Mozilla/5.0 (Windows NT 6.1; Win64; x64) AppleWebKit/537.36 (KHTML, like Gecko) Chrome/71.0.3578.98 Safari/537.36"
::1 - - [04/Feb/2019:18:30:05 +0000] "POST /register/register HTTP/1.1" - - "http://localhost:4200/register" "Mozilla/5.0 (Windows NT 6.1; Win64; x64) AppleWebKit/537.36 (KHTML, like Gecko) Chrome/71.0.3578.98 Safari/537.36"
::1 - - [04/Feb/2019:18:30:26 +0000] "POST /register/register HTTP/1.1" - - "http://localhost:4200/register" "Mozilla/5.0 (Windows NT 6.1; Win64; x64) AppleWebKit/537.36 (KHTML, like Gecko) Chrome/71.0.3578.98 Safari/537.36"
::1 - - [04/Feb/2019:18:31:03 +0000] "OPTIONS /register/register HTTP/1.1" 204 0 "http://localhost:4200/register" "Mozilla/5.0 (Windows NT 6.1; Win64; x64) AppleWebKit/537.36 (KHTML, like Gecko) Chrome/71.0.3578.98 Safari/537.36"
::1 - - [04/Feb/2019:18:32:05 +0000] "OPTIONS /register/register HTTP/1.1" 204 0 "http://localhost:4200/register" "Mozilla/5.0 (Windows NT 6.1; Win64; x64) AppleWebKit/537.36 (KHTML, like Gecko) Chrome/71.0.3578.98 Safari/537.36"
::1 - - [04/Feb/2019:18:33:03 +0000] "POST /register/register HTTP/1.1" - - "http://localhost:4200/register" "Mozilla/5.0 (Windows NT 6.1; Win64; x64) AppleWebKit/537.36 (KHTML, like Gecko) Chrome/71.0.3578.98 Safari/537.36"
::1 - - [04/Feb/2019:18:33:04 +0000] "OPTIONS /register/register HTTP/1.1" 204 0 "http://localhost:4200/register" "Mozilla/5.0 (Windows NT 6.1; Win64; x64) AppleWebKit/537.36 (KHTML, like Gecko) Chrome/71.0.3578.98 Safari/537.36"
::1 - - [04/Feb/2019:18:35:07 +0000] "OPTIONS /register/register HTTP/1.1" 204 0 "http://localhost:4200/register" "Mozilla/5.0 (Windows NT 6.1; Win64; x64) AppleWebKit/537.36 (KHTML, like Gecko) Chrome/71.0.3578.98 Safari/537.36"
::1 - - [04/Feb/2019:18:35:08 +0000] "POST /register/register HTTP/1.1" 200 58 "http://localhost:4200/register" "Mozilla/5.0 (Windows NT 6.1; Win64; x64) AppleWebKit/537.36 (KHTML, like Gecko) Chrome/71.0.3578.98 Safari/537.36"
::1 - - [04/Feb/2019:18:35:09 +0000] "GET /home/home/all HTTP/1.1" 304 - "http://localhost:4200/home" "Mozilla/5.0 (Windows NT 6.1; Win64; x64) AppleWebKit/537.36 (KHTML, like Gecko) Chrome/71.0.3578.98 Safari/537.36"
::1 - - [04/Feb/2019:18:35:57 +0000] "OPTIONS /auth/login HTTP/1.1" 204 0 "http://localhost:4200/login" "Mozilla/5.0 (Windows NT 6.1; Win64; x64) AppleWebKit/537.36 (KHTML, like Gecko) Chrome/71.0.3578.98 Safari/537.36"
::1 - - [04/Feb/2019:18:35:57 +0000] "POST /auth/login HTTP/1.1" 200 400 "http://localhost:4200/login" "Mozilla/5.0 (Windows NT 6.1; Win64; x64) AppleWebKit/537.36 (KHTML, like Gecko) Chrome/71.0.3578.98 Safari/537.36"
::1 - - [04/Feb/2019:18:35:57 +0000] "GET /home/home/all HTTP/1.1" 304 - "http://localhost:4200/home" "Mozilla/5.0 (Windows NT 6.1; Win64; x64) AppleWebKit/537.36 (KHTML, like Gecko) Chrome/71.0.3578.98 Safari/537.36"
::1 - - [04/Feb/2019:18:36:11 +0000] "GET /home/home/all HTTP/1.1" 304 - "http://localhost:4200/home" "Mozilla/5.0 (Windows NT 6.1; Win64; x64) AppleWebKit/537.36 (KHTML, like Gecko) Chrome/71.0.3578.98 Safari/537.36"
::1 - - [04/Feb/2019:18:36:19 +0000] "OPTIONS /auth/login HTTP/1.1" 204 0 "http://localhost:4200/login" "Mozilla/5.0 (Windows NT 6.1; Win64; x64) AppleWebKit/537.36 (KHTML, like Gecko) Chrome/71.0.3578.98 Safari/537.36"
::1 - - [04/Feb/2019:18:36:19 +0000] "POST /auth/login HTTP/1.1" 200 400 "http://localhost:4200/login" "Mozilla/5.0 (Windows NT 6.1; Win64; x64) AppleWebKit/537.36 (KHTML, like Gecko) Chrome/71.0.3578.98 Safari/537.36"
::1 - - [04/Feb/2019:18:36:19 +0000] "GET /home/home/all HTTP/1.1" 304 - "http://localhost:4200/home" "Mozilla/5.0 (Windows NT 6.1; Win64; x64) AppleWebKit/537.36 (KHTML, like Gecko) Chrome/71.0.3578.98 Safari/537.36"
::1 - - [04/Feb/2019:18:37:02 +0000] "OPTIONS /auth/login HTTP/1.1" 204 0 "http://localhost:4200/login" "Mozilla/5.0 (Windows NT 6.1; Win64; x64) AppleWebKit/537.36 (KHTML, like Gecko) Chrome/71.0.3578.98 Safari/537.36"
::1 - - [04/Feb/2019:18:37:02 +0000] "POST /auth/login HTTP/1.1" 200 400 "http://localhost:4200/login" "Mozilla/5.0 (Windows NT 6.1; Win64; x64) AppleWebKit/537.36 (KHTML, like Gecko) Chrome/71.0.3578.98 Safari/537.36"
::1 - - [04/Feb/2019:18:37:02 +0000] "GET /home/home/all HTTP/1.1" 304 - "http://localhost:4200/home" "Mozilla/5.0 (Windows NT 6.1; Win64; x64) AppleWebKit/537.36 (KHTML, like Gecko) Chrome/71.0.3578.98 Safari/537.36"
